[0.647s] Invoking command in '/home/jacknipat/mecanum_joy_control': DEBUGINFOD_URLS=https://debuginfod.ubuntu.com PYTHONPATH=/home/jacknipat/mecanum_joy_control/build/mecanum_joy_control/prefix_override:/usr/lib/python3/dist-packages/colcon_core/task/python/colcon_distutils_commands:/home/jacknipat/mecanum_joy_control/install/mecanum_joy_control/lib/python3.12/site-packages:${PYTHONPATH} /usr/bin/python3 -W ignore:setup.py install is deprecated setup.py egg_info --egg-base build/mecanum_joy_control build --build-base /home/jacknipat/mecanum_joy_control/build/mecanum_joy_control/build install --record /home/jacknipat/mecanum_joy_control/build/mecanum_joy_control/install.log --single-version-externally-managed install_data
[0.855s] running egg_info
[0.869s] writing build/mecanum_joy_control/mecanum_joy_control.egg-info/PKG-INFO
[0.870s] writing dependency_links to build/mecanum_joy_control/mecanum_joy_control.egg-info/dependency_links.txt
[0.870s] writing entry points to build/mecanum_joy_control/mecanum_joy_control.egg-info/entry_points.txt
[0.870s] writing requirements to build/mecanum_joy_control/mecanum_joy_control.egg-info/requires.txt
[0.870s] writing top-level names to build/mecanum_joy_control/mecanum_joy_control.egg-info/top_level.txt
[0.901s] reading manifest file 'build/mecanum_joy_control/mecanum_joy_control.egg-info/SOURCES.txt'
[0.902s] writing manifest file 'build/mecanum_joy_control/mecanum_joy_control.egg-info/SOURCES.txt'
[0.902s] running build
[0.902s] running build_py
[0.902s] running install
[0.909s] running install_lib
[0.925s] running install_data
[0.925s] running install_egg_info
[0.941s] removing '/home/jacknipat/mecanum_joy_control/install/mecanum_joy_control/lib/python3.12/site-packages/mecanum_joy_control-0.0.1-py3.12.egg-info' (and everything under it)
[0.941s] Copying build/mecanum_joy_control/mecanum_joy_control.egg-info to /home/jacknipat/mecanum_joy_control/install/mecanum_joy_control/lib/python3.12/site-packages/mecanum_joy_control-0.0.1-py3.12.egg-info
[0.942s] running install_scripts
[1.046s] Installing joy_arduino_interface script to /home/jacknipat/mecanum_joy_control/install/mecanum_joy_control/lib/mecanum_joy_control
[1.046s] writing list of installed files to '/home/jacknipat/mecanum_joy_control/build/mecanum_joy_control/install.log'
[1.072s] Invoked command in '/home/jacknipat/mecanum_joy_control' returned '0': DEBUGINFOD_URLS=https://debuginfod.ubuntu.com PYTHONPATH=/home/jacknipat/mecanum_joy_control/build/mecanum_joy_control/prefix_override:/usr/lib/python3/dist-packages/colcon_core/task/python/colcon_distutils_commands:/home/jacknipat/mecanum_joy_control/install/mecanum_joy_control/lib/python3.12/site-packages:${PYTHONPATH} /usr/bin/python3 -W ignore:setup.py install is deprecated setup.py egg_info --egg-base build/mecanum_joy_control build --build-base /home/jacknipat/mecanum_joy_control/build/mecanum_joy_control/build install --record /home/jacknipat/mecanum_joy_control/build/mecanum_joy_control/install.log --single-version-externally-managed install_data
