running egg_info
creating build/mecanum_joy_control/mecanum_joy_control.egg-info
writing build/mecanum_joy_control/mecanum_joy_control.egg-info/PKG-INFO
writing dependency_links to build/mecanum_joy_control/mecanum_joy_control.egg-info/dependency_links.txt
writing entry points to build/mecanum_joy_control/mecanum_joy_control.egg-info/entry_points.txt
writing requirements to build/mecanum_joy_control/mecanum_joy_control.egg-info/requires.txt
writing top-level names to build/mecanum_joy_control/mecanum_joy_control.egg-info/top_level.txt
writing manifest file 'build/mecanum_joy_control/mecanum_joy_control.egg-info/SOURCES.txt'
reading manifest file 'build/mecanum_joy_control/mecanum_joy_control.egg-info/SOURCES.txt'
writing manifest file 'build/mecanum_joy_control/mecanum_joy_control.egg-info/SOURCES.txt'
running build
running build_py
creating /home/jacknipat/mecanum_joy_control/build/mecanum_joy_control/build
creating /home/jacknipat/mecanum_joy_control/build/mecanum_joy_control/build/lib
creating /home/jacknipat/mecanum_joy_control/build/mecanum_joy_control/build/lib/mecanum_joy_control
copying mecanum_joy_control/__init__.py -> /home/jacknipat/mecanum_joy_control/build/mecanum_joy_control/build/lib/mecanum_joy_control
copying mecanum_joy_control/joy_arduino_interface.py -> /home/jacknipat/mecanum_joy_control/build/mecanum_joy_control/build/lib/mecanum_joy_control
running install
running install_lib
creating /home/jacknipat/mecanum_joy_control/install/mecanum_joy_control/lib/python3.12/site-packages/mecanum_joy_control
copying /home/jacknipat/mecanum_joy_control/build/mecanum_joy_control/build/lib/mecanum_joy_control/__init__.py -> /home/jacknipat/mecanum_joy_control/install/mecanum_joy_control/lib/python3.12/site-packages/mecanum_joy_control
copying /home/jacknipat/mecanum_joy_control/build/mecanum_joy_control/build/lib/mecanum_joy_control/joy_arduino_interface.py -> /home/jacknipat/mecanum_joy_control/install/mecanum_joy_control/lib/python3.12/site-packages/mecanum_joy_control
byte-compiling /home/jacknipat/mecanum_joy_control/install/mecanum_joy_control/lib/python3.12/site-packages/mecanum_joy_control/__init__.py to __init__.cpython-312.pyc
byte-compiling /home/jacknipat/mecanum_joy_control/install/mecanum_joy_control/lib/python3.12/site-packages/mecanum_joy_control/joy_arduino_interface.py to joy_arduino_interface.cpython-312.pyc
running install_data
creating /home/jacknipat/mecanum_joy_control/install/mecanum_joy_control/share/ament_index
creating /home/jacknipat/mecanum_joy_control/install/mecanum_joy_control/share/ament_index/resource_index
creating /home/jacknipat/mecanum_joy_control/install/mecanum_joy_control/share/ament_index/resource_index/packages
copying resource/mecanum_joy_control -> /home/jacknipat/mecanum_joy_control/install/mecanum_joy_control/share/ament_index/resource_index/packages
copying package.xml -> /home/jacknipat/mecanum_joy_control/install/mecanum_joy_control/share/mecanum_joy_control
running install_egg_info
Copying build/mecanum_joy_control/mecanum_joy_control.egg-info to /home/jacknipat/mecanum_joy_control/install/mecanum_joy_control/lib/python3.12/site-packages/mecanum_joy_control-0.0.1-py3.12.egg-info
running install_scripts
Installing joy_arduino_interface script to /home/jacknipat/mecanum_joy_control/install/mecanum_joy_control/lib/mecanum_joy_control
writing list of installed files to '/home/jacknipat/mecanum_joy_control/build/mecanum_joy_control/install.log'
