[0.834s] Invoking command in '/home/jacknipat/mecanum_joy_control': DEBUGINFOD_URLS=https://debuginfod.ubuntu.com PYTHONPATH=/home/jacknipat/mecanum_joy_control/build/mecanum_joy_control/prefix_override:/usr/lib/python3/dist-packages/colcon_core/task/python/colcon_distutils_commands:/home/jacknipat/mecanum_joy_control/install/mecanum_joy_control/lib/python3.12/site-packages:${PYTHONPATH} /usr/bin/python3 -W ignore:setup.py install is deprecated setup.py egg_info --egg-base build/mecanum_joy_control build --build-base /home/jacknipat/mecanum_joy_control/build/mecanum_joy_control/build install --record /home/jacknipat/mecanum_joy_control/build/mecanum_joy_control/install.log --single-version-externally-managed install_data
[1.115s] running egg_info
[1.134s] writing build/mecanum_joy_control/mecanum_joy_control.egg-info/PKG-INFO
[1.134s] writing dependency_links to build/mecanum_joy_control/mecanum_joy_control.egg-info/dependency_links.txt
[1.135s] writing entry points to build/mecanum_joy_control/mecanum_joy_control.egg-info/entry_points.txt
[1.135s] writing requirements to build/mecanum_joy_control/mecanum_joy_control.egg-info/requires.txt
[1.135s] writing top-level names to build/mecanum_joy_control/mecanum_joy_control.egg-info/top_level.txt
[1.173s] reading manifest file 'build/mecanum_joy_control/mecanum_joy_control.egg-info/SOURCES.txt'
[1.174s] writing manifest file 'build/mecanum_joy_control/mecanum_joy_control.egg-info/SOURCES.txt'
[1.174s] running build
[1.174s] running build_py
[1.174s] copying mecanum_joy_control/joy_arduino_interface.py -> /home/jacknipat/mecanum_joy_control/build/mecanum_joy_control/build/lib/mecanum_joy_control
[1.174s] running install
[1.181s] running install_lib
[1.199s] copying /home/jacknipat/mecanum_joy_control/build/mecanum_joy_control/build/lib/mecanum_joy_control/joy_arduino_interface.py -> /home/jacknipat/mecanum_joy_control/install/mecanum_joy_control/lib/python3.12/site-packages/mecanum_joy_control
[1.200s] byte-compiling /home/jacknipat/mecanum_joy_control/install/mecanum_joy_control/lib/python3.12/site-packages/mecanum_joy_control/joy_arduino_interface.py to joy_arduino_interface.cpython-312.pyc
[1.201s] running install_data
[1.201s] running install_egg_info
[1.221s] removing '/home/jacknipat/mecanum_joy_control/install/mecanum_joy_control/lib/python3.12/site-packages/mecanum_joy_control-0.0.1-py3.12.egg-info' (and everything under it)
[1.222s] Copying build/mecanum_joy_control/mecanum_joy_control.egg-info to /home/jacknipat/mecanum_joy_control/install/mecanum_joy_control/lib/python3.12/site-packages/mecanum_joy_control-0.0.1-py3.12.egg-info
[1.222s] running install_scripts
[1.350s] Installing joy_arduino_interface script to /home/jacknipat/mecanum_joy_control/install/mecanum_joy_control/lib/mecanum_joy_control
[1.350s] writing list of installed files to '/home/jacknipat/mecanum_joy_control/build/mecanum_joy_control/install.log'
[1.380s] Invoked command in '/home/jacknipat/mecanum_joy_control' returned '0': DEBUGINFOD_URLS=https://debuginfod.ubuntu.com PYTHONPATH=/home/jacknipat/mecanum_joy_control/build/mecanum_joy_control/prefix_override:/usr/lib/python3/dist-packages/colcon_core/task/python/colcon_distutils_commands:/home/jacknipat/mecanum_joy_control/install/mecanum_joy_control/lib/python3.12/site-packages:${PYTHONPATH} /usr/bin/python3 -W ignore:setup.py install is deprecated setup.py egg_info --egg-base build/mecanum_joy_control build --build-base /home/jacknipat/mecanum_joy_control/build/mecanum_joy_control/build install --record /home/jacknipat/mecanum_joy_control/build/mecanum_joy_control/install.log --single-version-externally-managed install_data
