[0.099s] DEBUG:colcon:Command line arguments: ['/usr/bin/colcon', 'build', '--packages-select', 'mecanum_joy_control']
[0.099s] DEBUG:colcon:Parsed command line arguments: Namespace(log_base=None, log_level=None, verb_name='build', build_base='build', install_base='install', merge_install=False, symlink_install=False, test_result_base=None, continue_on_error=False, executor='parallel', parallel_workers=8, event_handlers=None, ignore_user_meta=False, metas=['./colcon.meta'], base_paths=['.'], packages_ignore=None, packages_ignore_regex=None, paths=None, packages_up_to=None, packages_up_to_regex=None, packages_above=None, packages_above_and_dependencies=None, packages_above_depth=None, packages_select_by_dep=None, packages_skip_by_dep=None, packages_skip_up_to=None, packages_select_build_failed=False, packages_skip_build_finished=False, packages_select_test_failures=False, packages_skip_test_passed=False, packages_select=['mecanum_joy_control'], packages_skip=None, packages_select_regex=None, packages_skip_regex=None, packages_start=None, packages_end=None, allow_overriding=[], cmake_args=None, cmake_target=None, cmake_target_skip_unavailable=False, cmake_clean_cache=False, cmake_clean_first=False, cmake_force_configure=False, ament_cmake_args=None, catkin_cmake_args=None, catkin_skip_building_tests=False, verb_parser=<colcon_defaults.argument_parser.defaults.DefaultArgumentsDecorator object at 0x7b40a2280740>, verb_extension=<colcon_core.verb.build.BuildVerb object at 0x7b40a22805c0>, main=<bound method BuildVerb.main of <colcon_core.verb.build.BuildVerb object at 0x7b40a22805c0>>)
[0.135s] Level 1:colcon.colcon_core.package_discovery:discover_packages(colcon_meta) check parameters
[0.135s] Level 1:colcon.colcon_core.package_discovery:discover_packages(recursive) check parameters
[0.135s] Level 1:colcon.colcon_core.package_discovery:discover_packages(ignore) check parameters
[0.135s] Level 1:colcon.colcon_core.package_discovery:discover_packages(path) check parameters
[0.135s] Level 1:colcon.colcon_core.package_discovery:discover_packages(colcon_meta) discover
[0.135s] Level 1:colcon.colcon_core.package_discovery:discover_packages(recursive) discover
[0.135s] INFO:colcon.colcon_core.package_discovery:Crawling recursively for packages in '/home/jacknipat/mecanum_joy_control'
[0.136s] Level 1:colcon.colcon_core.package_identification:_identify(.) by extensions ['ignore', 'ignore_ament_install']
[0.136s] Level 1:colcon.colcon_core.package_identification:_identify(.) by extension 'ignore'
[0.136s] Level 1:colcon.colcon_core.package_identification:_identify(.) by extension 'ignore_ament_install'
[0.136s] Level 1:colcon.colcon_core.package_identification:_identify(.) by extensions ['colcon_pkg']
[0.136s] Level 1:colcon.colcon_core.package_identification:_identify(.) by extension 'colcon_pkg'
[0.136s] Level 1:colcon.colcon_core.package_identification:_identify(.) by extensions ['colcon_meta']
[0.136s] Level 1:colcon.colcon_core.package_identification:_identify(.) by extension 'colcon_meta'
[0.136s] Level 1:colcon.colcon_core.package_identification:_identify(.) by extensions ['ros']
[0.136s] Level 1:colcon.colcon_core.package_identification:_identify(.) by extension 'ros'
[0.164s] DEBUG:colcon.colcon_core.package_identification:Package '.' with type 'ros.ament_python' and name 'mecanum_joy_control'
[0.164s] Level 1:colcon.colcon_core.package_discovery:discover_packages(recursive) using defaults
[0.164s] Level 1:colcon.colcon_core.package_discovery:discover_packages(ignore) discover
[0.164s] Level 1:colcon.colcon_core.package_discovery:discover_packages(ignore) using defaults
[0.164s] Level 1:colcon.colcon_core.package_discovery:discover_packages(path) discover
[0.164s] Level 1:colcon.colcon_core.package_discovery:discover_packages(path) using defaults
[0.182s] Level 1:colcon.colcon_core.package_discovery:discover_packages(prefix_path) check parameters
[0.182s] Level 1:colcon.colcon_core.package_discovery:discover_packages(prefix_path) discover
[0.183s] DEBUG:colcon.colcon_installed_package_information.package_discovery:Found 1 installed packages in /home/jacknipat/mecanum_joy_control/install
[0.184s] DEBUG:colcon.colcon_installed_package_information.package_discovery:Found 1 installed packages in /home/jacknipat/ros2_ws/install
[0.185s] DEBUG:colcon.colcon_installed_package_information.package_discovery:Found 356 installed packages in /opt/ros/jazzy
[0.186s] Level 1:colcon.colcon_core.package_discovery:discover_packages(prefix_path) using defaults
[0.232s] Level 5:colcon.colcon_core.verb:set package 'mecanum_joy_control' build argument 'cmake_args' from command line to 'None'
[0.232s] Level 5:colcon.colcon_core.verb:set package 'mecanum_joy_control' build argument 'cmake_target' from command line to 'None'
[0.232s] Level 5:colcon.colcon_core.verb:set package 'mecanum_joy_control' build argument 'cmake_target_skip_unavailable' from command line to 'False'
[0.232s] Level 5:colcon.colcon_core.verb:set package 'mecanum_joy_control' build argument 'cmake_clean_cache' from command line to 'False'
[0.232s] Level 5:colcon.colcon_core.verb:set package 'mecanum_joy_control' build argument 'cmake_clean_first' from command line to 'False'
[0.233s] Level 5:colcon.colcon_core.verb:set package 'mecanum_joy_control' build argument 'cmake_force_configure' from command line to 'False'
[0.233s] Level 5:colcon.colcon_core.verb:set package 'mecanum_joy_control' build argument 'ament_cmake_args' from command line to 'None'
[0.233s] Level 5:colcon.colcon_core.verb:set package 'mecanum_joy_control' build argument 'catkin_cmake_args' from command line to 'None'
[0.233s] Level 5:colcon.colcon_core.verb:set package 'mecanum_joy_control' build argument 'catkin_skip_building_tests' from command line to 'False'
[0.233s] DEBUG:colcon.colcon_core.verb:Building package 'mecanum_joy_control' with the following arguments: {'ament_cmake_args': None, 'build_base': '/home/jacknipat/mecanum_joy_control/build/mecanum_joy_control', 'catkin_cmake_args': None, 'catkin_skip_building_tests': False, 'cmake_args': None, 'cmake_clean_cache': False, 'cmake_clean_first': False, 'cmake_force_configure': False, 'cmake_target': None, 'cmake_target_skip_unavailable': False, 'install_base': '/home/jacknipat/mecanum_joy_control/install/mecanum_joy_control', 'merge_install': False, 'path': '/home/jacknipat/mecanum_joy_control', 'symlink_install': False, 'test_result_base': None}
[0.233s] INFO:colcon.colcon_core.executor:Executing jobs using 'parallel' executor
[0.234s] DEBUG:colcon.colcon_parallel_executor.executor.parallel:run_until_complete
[0.234s] INFO:colcon.colcon_ros.task.ament_python.build:Building ROS package in '/home/jacknipat/mecanum_joy_control' with build type 'ament_python'
[0.234s] Level 1:colcon.colcon_core.shell:create_environment_hook('mecanum_joy_control', 'ament_prefix_path')
[0.236s] INFO:colcon.colcon_core.plugin_system:Skipping extension 'colcon_core.shell.bat': Not used on non-Windows systems
[0.236s] INFO:colcon.colcon_core.shell:Creating environment hook '/home/jacknipat/mecanum_joy_control/install/mecanum_joy_control/share/mecanum_joy_control/hook/ament_prefix_path.ps1'
[0.237s] INFO:colcon.colcon_core.shell:Creating environment descriptor '/home/jacknipat/mecanum_joy_control/install/mecanum_joy_control/share/mecanum_joy_control/hook/ament_prefix_path.dsv'
[0.237s] INFO:colcon.colcon_core.shell:Creating environment hook '/home/jacknipat/mecanum_joy_control/install/mecanum_joy_control/share/mecanum_joy_control/hook/ament_prefix_path.sh'
[0.238s] INFO:colcon.colcon_core.shell:Skip shell extension 'powershell' for command environment: Not usable outside of PowerShell
[0.238s] DEBUG:colcon.colcon_core.shell:Skip shell extension 'dsv' for command environment
[0.473s] INFO:colcon.colcon_core.task.python.build:Building Python package in '/home/jacknipat/mecanum_joy_control'
[0.473s] INFO:colcon.colcon_core.shell:Skip shell extension 'powershell' for command environment: Not usable outside of PowerShell
[0.473s] DEBUG:colcon.colcon_core.shell:Skip shell extension 'dsv' for command environment
[1.073s] DEBUG:colcon.colcon_core.event_handler.log_command:Invoking command in '/home/jacknipat/mecanum_joy_control': DEBUGINFOD_URLS=https://debuginfod.ubuntu.com PYTHONPATH=/home/jacknipat/mecanum_joy_control/build/mecanum_joy_control/prefix_override:/usr/lib/python3/dist-packages/colcon_core/task/python/colcon_distutils_commands:/home/jacknipat/mecanum_joy_control/install/mecanum_joy_control/lib/python3.12/site-packages:${PYTHONPATH} /usr/bin/python3 -W ignore:setup.py install is deprecated setup.py egg_info --egg-base build/mecanum_joy_control build --build-base /home/jacknipat/mecanum_joy_control/build/mecanum_joy_control/build install --record /home/jacknipat/mecanum_joy_control/build/mecanum_joy_control/install.log --single-version-externally-managed install_data
[1.599s] DEBUG:colcon.colcon_core.event_handler.log_command:Invoked command in '/home/jacknipat/mecanum_joy_control' returned '0': DEBUGINFOD_URLS=https://debuginfod.ubuntu.com PYTHONPATH=/home/jacknipat/mecanum_joy_control/build/mecanum_joy_control/prefix_override:/usr/lib/python3/dist-packages/colcon_core/task/python/colcon_distutils_commands:/home/jacknipat/mecanum_joy_control/install/mecanum_joy_control/lib/python3.12/site-packages:${PYTHONPATH} /usr/bin/python3 -W ignore:setup.py install is deprecated setup.py egg_info --egg-base build/mecanum_joy_control build --build-base /home/jacknipat/mecanum_joy_control/build/mecanum_joy_control/build install --record /home/jacknipat/mecanum_joy_control/build/mecanum_joy_control/install.log --single-version-externally-managed install_data
[1.601s] Level 1:colcon.colcon_core.environment:checking '/home/jacknipat/mecanum_joy_control/install/mecanum_joy_control' for CMake module files
[1.601s] Level 1:colcon.colcon_core.environment:checking '/home/jacknipat/mecanum_joy_control/install/mecanum_joy_control' for CMake config files
[1.602s] Level 1:colcon.colcon_core.environment:checking '/home/jacknipat/mecanum_joy_control/install/mecanum_joy_control/lib'
[1.602s] Level 1:colcon.colcon_core.environment:checking '/home/jacknipat/mecanum_joy_control/install/mecanum_joy_control/bin'
[1.602s] Level 1:colcon.colcon_core.environment:checking '/home/jacknipat/mecanum_joy_control/install/mecanum_joy_control/lib/pkgconfig/mecanum_joy_control.pc'
[1.602s] Level 1:colcon.colcon_core.environment:checking '/home/jacknipat/mecanum_joy_control/install/mecanum_joy_control/lib/python3.12/site-packages'
[1.602s] Level 1:colcon.colcon_core.shell:create_environment_hook('mecanum_joy_control', 'pythonpath')
[1.602s] INFO:colcon.colcon_core.shell:Creating environment hook '/home/jacknipat/mecanum_joy_control/install/mecanum_joy_control/share/mecanum_joy_control/hook/pythonpath.ps1'
[1.603s] INFO:colcon.colcon_core.shell:Creating environment descriptor '/home/jacknipat/mecanum_joy_control/install/mecanum_joy_control/share/mecanum_joy_control/hook/pythonpath.dsv'
[1.603s] INFO:colcon.colcon_core.shell:Creating environment hook '/home/jacknipat/mecanum_joy_control/install/mecanum_joy_control/share/mecanum_joy_control/hook/pythonpath.sh'
[1.604s] Level 1:colcon.colcon_core.environment:checking '/home/jacknipat/mecanum_joy_control/install/mecanum_joy_control/bin'
[1.604s] Level 1:colcon.colcon_core.environment:create_environment_scripts_only(mecanum_joy_control)
[1.604s] INFO:colcon.colcon_core.shell:Creating package script '/home/jacknipat/mecanum_joy_control/install/mecanum_joy_control/share/mecanum_joy_control/package.ps1'
[1.605s] INFO:colcon.colcon_core.shell:Creating package descriptor '/home/jacknipat/mecanum_joy_control/install/mecanum_joy_control/share/mecanum_joy_control/package.dsv'
[1.605s] INFO:colcon.colcon_core.shell:Creating package script '/home/jacknipat/mecanum_joy_control/install/mecanum_joy_control/share/mecanum_joy_control/package.sh'
[1.606s] INFO:colcon.colcon_core.shell:Creating package script '/home/jacknipat/mecanum_joy_control/install/mecanum_joy_control/share/mecanum_joy_control/package.bash'
[1.606s] INFO:colcon.colcon_core.shell:Creating package script '/home/jacknipat/mecanum_joy_control/install/mecanum_joy_control/share/mecanum_joy_control/package.zsh'
[1.607s] Level 1:colcon.colcon_core.environment:create_file_with_runtime_dependencies(/home/jacknipat/mecanum_joy_control/install/mecanum_joy_control/share/colcon-core/packages/mecanum_joy_control)
[1.607s] DEBUG:colcon.colcon_parallel_executor.executor.parallel:closing loop
[1.607s] DEBUG:colcon.colcon_parallel_executor.executor.parallel:loop closed
[1.607s] DEBUG:colcon.colcon_parallel_executor.executor.parallel:run_until_complete finished with '0'
[1.607s] DEBUG:colcon.colcon_core.event_reactor:joining thread
[1.615s] INFO:colcon.colcon_core.plugin_system:Skipping extension 'colcon_notification.desktop_notification.terminal_notifier': Not used on non-Darwin systems
[1.615s] INFO:colcon.colcon_core.plugin_system:Skipping extension 'colcon_notification.desktop_notification.win32': Not used on non-Windows systems
[1.615s] INFO:colcon.colcon_notification.desktop_notification:Sending desktop notification using 'notify2'
[1.631s] DEBUG:colcon.colcon_core.event_reactor:joined thread
[1.631s] INFO:colcon.colcon_core.shell:Creating prefix script '/home/jacknipat/mecanum_joy_control/install/local_setup.ps1'
[1.633s] INFO:colcon.colcon_core.shell:Creating prefix util module '/home/jacknipat/mecanum_joy_control/install/_local_setup_util_ps1.py'
[1.635s] INFO:colcon.colcon_core.shell:Creating prefix chain script '/home/jacknipat/mecanum_joy_control/install/setup.ps1'
[1.637s] INFO:colcon.colcon_core.shell:Creating prefix script '/home/jacknipat/mecanum_joy_control/install/local_setup.sh'
[1.638s] INFO:colcon.colcon_core.shell:Creating prefix util module '/home/jacknipat/mecanum_joy_control/install/_local_setup_util_sh.py'
[1.639s] INFO:colcon.colcon_core.shell:Creating prefix chain script '/home/jacknipat/mecanum_joy_control/install/setup.sh'
[1.641s] INFO:colcon.colcon_core.shell:Creating prefix script '/home/jacknipat/mecanum_joy_control/install/local_setup.bash'
[1.642s] INFO:colcon.colcon_core.shell:Creating prefix chain script '/home/jacknipat/mecanum_joy_control/install/setup.bash'
[1.644s] INFO:colcon.colcon_core.shell:Creating prefix script '/home/jacknipat/mecanum_joy_control/install/local_setup.zsh'
[1.645s] INFO:colcon.colcon_core.shell:Creating prefix chain script '/home/jacknipat/mecanum_joy_control/install/setup.zsh'
